<?xml version="1.0" encoding="UTF-8"?>
<!-- Generated by org.testng.reporters.JUnitXMLReporter -->
<testsuite ignored="0" hostname="WKWZT9FZ7AtdUOq" failures="1" tests="7" name="Interview Test" time="52.792" errors="0" timestamp="2023-11-27T20:52:15 IST">
  <testcase classname="com.InterviewDemoProject.testcases.Register" name="registerWithMandatoryField" time="1.793">
    <failure type="java.lang.AssertionError" message="wrong page expected [Your1 Account Has Been Created!] but found [Your Account Has Been Created!]">
      <![CDATA[java.lang.AssertionError: wrong page expected [Your1 Account Has Been Created!] but found [Your Account Has Been Created!]
at com.InterviewDemoProject.testcases.Register.registerWithMandatoryField(Register.java:50)
at java.base/java.util.ArrayList.forEach(ArrayList.java:1511)
... Removed 30 stack frames]]>
    </failure>
  </testcase> <!-- registerWithMandatoryField -->
  <testcase classname="com.InterviewDemoProject.testcases.Login" name="verifyLoginWithValidId" time="1.013"/>
  <testcase classname="com.InterviewDemoProject.testcases.Login" name="verifyLoginWithValidId" time="0.878"/>
  <testcase classname="com.InterviewDemoProject.testcases.Login" name="verifyLoginWithValidId" time="0.947"/>
  <testcase classname="com.InterviewDemoProject.testcases.Login" name="LoginWithInvalidCred" time="0.894"/>
  <testcase classname="com.InterviewDemoProject.testcases.Login" name="ValidUserNameWithInvalidPassword" time="0.921"/>
  <testcase classname="com.InterviewDemoProject.testcases.Login" name="InvalidUsernameWithValidPwd" time="0.966"/>
</testsuite> <!-- Interview Test -->
